Logout: Usuário Alexandre fez logout.
[2024-11-29 11:19:45] Login: Usuário Alexandre (2401822@estudante.uab.pt) fez login.
[2024-11-29 11:20:02] Criação de Atividade: Atividade 'Atividade 4' criada por Alexandre.
[2024-11-29 11:20:06] Associação de Atividade: Atividade 'Atividade 4' associada ao aluno 2 por Alexandre.
[2024-11-29 11:20:09] Listagem de Analytics: Instrutor Alexandre listou os analytics disponíveis.
[2024-11-29 11:20:14] Logout: Usuário Alexandre fez logout.
[2024-11-29 11:20:20] Login: Usuário aluno (aluno@uab.pt) fez login.
[2024-11-29 11:20:25] Conclusão de Atividade: Atividade 2 concluída pelo aluno aluno.
[2024-11-29 11:20:31] Atualização de Progresso: Progresso da atividade 3 atualizado para 50% pelo aluno aluno.
[2024-11-29 11:20:36] Logout: Usuário aluno fez logout.
[2024-11-29 11:20:44] Login: Usuário Alexandre (2401822@estudante.uab.pt) fez login.
[2024-11-29 11:20:50] Listagem de Analytics: Instrutor Alexandre listou os analytics disponíveis.
[2024-11-29 11:21:08] Logout: Usuário Alexandre fez logout.
[2024-11-29 11:32:14] Login: Usuário Alexandre fez login.
[2024-11-29 11:32:31] Criação de Atividade: Atividade criada: Atividade 5
[2024-11-29 11:32:34] Listagem de Analytics: Instrutor Alexandre listou os analytics disponíveis.
[2024-11-29 11:32:46] Associação de Atividade: Atividade Atividade 5 associada ao aluno 2
[2024-11-29 11:32:54] Logout: Usuário Alexandre fez logout.
[2024-11-29 11:33:01] Login: Usuário aluno fez login.
[2024-11-29 11:35:57] Conclusão de Atividade: Aluno aluno concluiu a atividade 3.
[2024-11-29 11:36:05] Atualização de Progresso: Aluno aluno atualizou o progresso da atividade 4 para 50%.
[2024-11-29 11:36:09] Logout: Usuário aluno fez logout.
[2024-11-29 11:36:16] Login: Usuário Alexandre fez login.
[2024-11-29 11:36:21] Listagem de Analytics: Instrutor Alexandre listou os analytics disponíveis.
[2024-11-29 11:36:36] Logout: Usuário Alexandre fez logout.
2024-11-29 12:36:03 - Login: Usuário Alexandre fez login.
2024-11-29 12:36:17 - Criação de Atividade: Atividade 'Atividade 6' criada pelo usuário 1.
2024-11-29 12:36:17 - Criação de Atividade: Atividade criada: Atividade 6
2024-11-29 12:36:20 - Listagem de Analytics: Instrutor Alexandre listou os analytics disponíveis.
2024-11-29 12:36:36 - Analytics Atualizado: Progresso da atividade 6 para aluno 2 atualizado para 0.0%.
2024-11-29 12:36:36 - Associação de Atividade: Atividade Atividade 6 associada ao aluno 2
2024-11-29 12:38:01 - Logout: Usuário Alexandre fez logout.
2024-11-29 12:38:08 - Login: Usuário aluno fez login.
2024-11-29 12:38:12 - Conclusão de Atividade: Aluno aluno concluiu a atividade 4.
2024-11-29 12:38:18 - Atualização de Progresso: Aluno aluno atualizou o progresso da atividade 5 para 50%.
2024-11-29 12:38:22 - Logout: Usuário aluno fez logout.
2024-11-29 12:38:29 - Login: Usuário Alexandre fez login.
2024-11-29 12:38:32 - Listagem de Analytics: Instrutor Alexandre listou os analytics disponíveis.
2024-11-29 12:38:42 - Logout: Usuário Alexandre fez logout.
2024-12-04 07:31:22 - Criação de Usuário: Usuário instrutor (instrutor@uab.pt) criado com sucesso.
2024-12-04 07:31:22 - Registro: Novo usuário registrado: instrutor, Tipo: instrutor.
2024-12-04 07:31:40 - Criação de Usuário: Usuário aluno (aluno@uab.pt) criado com sucesso.
2024-12-04 07:31:40 - Registro: Novo usuário registrado: aluno, Tipo: aluno.
2024-12-04 07:31:51 - Login: Usuário instrutor fez login.
2024-12-04 07:31:56 - Listagem de Analytics: Instrutor instrutor listou os analytics disponíveis.
2024-12-04 07:32:12 - Criação de Atividade: Atividade 'Atividade 1' criada pelo usuário 1.
2024-12-04 07:32:12 - Criação de Atividade: Atividade criada: Atividade 1
2024-12-04 07:32:25 - Criação de Atividade: Atividade 'Atividade 2' criada pelo usuário 1.
2024-12-04 07:32:25 - Criação de Atividade: Atividade criada: Atividade 2
2024-12-04 07:32:36 - Criação de Atividade: Atividade 'Atividade 3' criada pelo usuário 1.
2024-12-04 07:32:36 - Criação de Atividade: Atividade criada: Atividade 3
2024-12-04 07:32:39 - Associação de Atividade: Atividade Atividade 1 associada ao aluno 2
2024-12-04 07:32:42 - Associação de Atividade: Atividade Atividade 2 associada ao aluno 2
2024-12-04 07:32:45 - Associação de Atividade: Atividade Atividade 3 associada ao aluno 2
2024-12-04 07:32:47 - Listagem de Analytics: Instrutor instrutor listou os analytics disponíveis.
2024-12-04 07:32:51 - Logout: Usuário instrutor fez logout.
2024-12-04 07:32:58 - Login: Usuário aluno fez login.
2024-12-04 07:33:01 - Conclusão de Atividade: Aluno aluno concluiu a atividade 1.
2024-12-04 07:33:07 - Atualização de Progresso: Aluno aluno atualizou o progresso da atividade 2 para 50%.
2024-12-04 07:33:11 - Logout: Usuário aluno fez logout.
2024-12-04 07:33:19 - Login: Usuário instrutor fez login.
2024-12-04 07:33:25 - Listagem de Analytics: Instrutor instrutor listou os analytics disponíveis.
2024-12-04 07:33:31 - Logout: Usuário instrutor fez logout.
2024-12-04 08:44:34 - Login: Usuário instrutor fez login.
2024-12-04 08:44:39 - Listagem de Analytics: Instrutor instrutor listou os analytics disponíveis.
2024-12-04 09:02:08 - Criação de Usuário: Usuário aluno2 (aluno2@uab.pt) criado com sucesso.
2024-12-04 09:02:08 - Registro: Novo usuário registrado: aluno2.
2024-12-04 09:42:56 - Criação de Usuário: Usuário instrutor 2 (instrutor2@uab.bt) criado com sucesso.
2024-12-04 09:42:56 - Registro: Novo usuário registrado: instrutor 2.
2024-12-04 09:46:37 - Login: Usuário instrutor 2 fez login.
2024-12-04 09:47:38 - Login: Usuário instrutor 2 fez login.
2024-12-04 09:48:24 - Criação de Atividade: Atividade 'Atividade 4' criada pelo usuário 4.
2024-12-04 09:48:24 - Criação de Atividade: Atividade criada: Atividade 4
2024-12-04 09:50:52 - Logout: Usuário instrutor 2 fez logout.
2024-12-04 09:51:21 - Criação de Usuário: Usuário aluno3 (aluno3@uab.pt) criado com sucesso.
2024-12-04 09:51:21 - Registro: Novo usuário registrado: aluno3.
2024-12-04 09:51:30 - Login: Usuário instrutor fez login.
2024-12-04 09:54:20 - Login: Usuário instrutor fez login.
2024-12-04 09:59:28 - Associação de Atividade: Atividade 4 associada ao aluno 5
2024-12-04 09:59:34 - Associação de Atividade: Atividade 4 associada ao aluno 3
2024-12-04 10:05:34 - Login: Usuário instrutor fez login.
2024-12-04 10:05:42 - Associação de Atividade: Atividade 4 associada ao aluno 3
2024-12-04 10:06:48 - Logout: Usuário instrutor fez logout.
2024-12-04 10:07:00 - Login: Usuário aluno3 fez login.
2024-12-04 10:07:11 - Login: Usuário aluno2 fez login.
2024-12-04 10:08:56 - Login: Usuário aluno2 fez login.
2024-12-04 10:09:01 - Logout: Usuário aluno2 fez logout.
2024-12-04 10:09:10 - Login: Usuário aluno fez login.
2024-12-04 10:11:54 - Login: Usuário aluno2 fez login.
2024-12-04 10:20:16 - Login: Usuário aluno fez login.
2024-12-04 10:24:27 - Atualização de Progresso: Aluno aluno atualizou o progresso da atividade 2.
2024-12-04 10:24:33 - Logout: Usuário aluno fez logout.
2024-12-04 10:24:40 - Login: Usuário aluno2 fez login.
2024-12-04 10:24:48 - Atualização de Progresso: Aluno aluno2 atualizou o progresso da atividade 4.
2024-12-04 10:24:51 - Logout: Usuário aluno2 fez logout.
2024-12-04 10:24:59 - Login: Usuário aluno3 fez login.
2024-12-04 10:25:06 - Atualização de Progresso: Aluno aluno3 atualizou o progresso da atividade 4.
2024-12-04 10:25:09 - Logout: Usuário aluno3 fez logout.
2024-12-04 10:25:51 - Login: Usuário instrutor fez login.
2024-12-04 10:26:18 - Associação de Atividade: Atividade 4 associada ao aluno 5
2024-12-04 10:33:23 - Associação de Atividade: Atividade 1 associada ao aluno 5
2024-12-04 10:33:46 - Logout: Usuário instrutor fez logout.
2024-12-04 10:33:54 - Login: Usuário aluno3 fez login.
2024-12-04 10:34:07 - Atualização de Progresso: Aluno aluno3 atualizou o progresso da atividade 4.
2024-12-04 10:34:16 - Conclusão de Atividade: Aluno aluno3 concluiu a atividade 1.
2024-12-04 10:34:21 - Logout: Usuário aluno3 fez logout.
2024-12-04 10:55:21 - Criação de Usuário: Usuário João Silva (joao@example.com) criado com sucesso.
2024-12-04 10:55:51 - Criação de Atividade: Atividade 'Aprender Flask' criada pelo usuário 1.
2024-12-04 11:38:17 - Login: Usuário instrutor fez login.
2024-12-04 11:39:09 - Logout: Usuário instrutor fez logout.
2024-12-04 11:39:17 - Login: Usuário aluno fez login.
2024-12-04 11:39:22 - Conclusão de Atividade: Aluno aluno concluiu a atividade 2.
2024-12-04 11:39:29 - Atualização de Progresso: Aluno aluno atualizou o progresso da atividade 3.
2024-12-04 11:39:32 - Conclusão de Atividade: Aluno aluno concluiu a atividade 3.
2024-12-04 11:39:41 - Logout: Usuário aluno fez logout.
2024-12-04 14:24:12 - Criação de Usuário: Usuário Instrutor 3 (instrutor3@uab.pt) criado com sucesso.
2024-12-04 14:24:12 - Registro: Novo usuário registrado: Instrutor 3.
2024-12-04 14:24:23 - Login: Usuário Instrutor 3 fez login.
2024-12-04 14:26:08 - Criação de Atividade: Atividade 'Atividade 5' criada pelo usuário 7.
2024-12-04 14:26:08 - Criação de Atividade: Atividade criada: Atividade 5
2024-12-04 14:26:32 - Associação de Atividade: Atividade 6 associada ao aluno 3
2024-12-04 14:26:39 - Associação de Atividade: Atividade 6 associada ao aluno 5
2024-12-04 14:27:15 - Logout: Usuário Instrutor 3 fez logout.
2024-12-04 14:27:22 - Login: Usuário aluno3 fez login.
2024-12-04 14:27:35 - Atualização de Progresso: Aluno aluno3 atualizou o progresso da atividade 6.
2024-12-04 14:27:40 - Conclusão de Atividade: Aluno aluno3 concluiu a atividade 4.
2024-12-04 14:27:46 - Logout: Usuário aluno3 fez logout.
2024-12-04 14:27:54 - Login: Usuário instrutor fez login.
